make all --print-data-base --no-builtin-variables --no-builtin-rules --question
# GNU Make 3.81
# Copyright (C) 2006  Free Software Foundation, Inc.
# This is free software; see the source for copying conditions.
# There is NO warranty; not even for MERCHANTABILITY or FITNESS FOR A
# PARTICULAR PURPOSE.

# This program built for i386-apple-darwin11.3.0

# Make data base, printed on Sun Nov 28 18:11:04 2021

# Variables

# automatic
<D = $(patsubst %/,%,$(dir $<))
# automatic
?F = $(notdir $?)
# environment
GOENV_ROOT = /Users/takahashi.eiji/.goenv
# environment
LC_CTYPE = en_US.UTF-8
# environment
VSCODE_LOG_NATIVE = false
# automatic
?D = $(patsubst %/,%,$(dir $?))
# environment
CPPFLAGS = -I/usr/local/opt/bzip2/include
# automatic
@D = $(patsubst %/,%,$(dir $@))
# automatic
@F = $(notdir $@)
# makefile
CURDIR := /Users/takahashi.eiji/VisualStudio/Terraform
# makefile
SHELL = /bin/sh
# environment
VSCODE_NLS_CONFIG = {"locale":"ja","availableLanguages":{"*":"ja"},"_languagePackId":"b74e0a070167c6dd54e92192df3ecfea.ja","_translationsConfigFile":"/Users/takahashi.eiji/Library/Application Support/Code/clp/b74e0a070167c6dd54e92192df3ecfea.ja/tcf.json","_cacheRoot":"/Users/takahashi.eiji/Library/Application Support/Code/clp/b74e0a070167c6dd54e92192df3ecfea.ja","_resolvedLanguagePackCoreLocation":"/Users/takahashi.eiji/Library/Application Support/Code/clp/b74e0a070167c6dd54e92192df3ecfea.ja/3a6960b964327f0e3882ce18fcebd07ed191b316","_corruptedFile":"/Users/takahashi.eiji/Library/Application Support/Code/clp/b74e0a070167c6dd54e92192df3ecfea.ja/corrupted.info","_languagePackSupport":true}
# environment
_ = /usr/bin/make
# makefile (from `Makefile', line 11)
CD = [[ -d env/${ENV} ]] && cd env/${ENV}
# makefile (from `Makefile', line 1)
MAKEFILE_LIST :=  Makefile
# makefile (from `Makefile', line 13)
ARGS = $2
# environment
OMF_PATH = /Users/takahashi.eiji/.local/share/omf
# environment
GOENV_SHELL = fish
# environment
VSCODE_VERBOSE_LOGGING = true
# environment
__CFBundleIdentifier = com.microsoft.VSCode
# environment
VSCODE_IPC_HOOK_EXTHOST = /var/folders/b5/q1cfys1s3g3b85tjs62xfbwr0000gn/T/vscode-ipc-57eb5a71-d261-44cf-989d-d0a5505a2eda.sock
# environment
VSCODE_CWD = /
# environment
PATH = /usr/local/opt/libpq/bin:/Users/takahashi.eiji/go/1.17.0/bin:/usr/local/opt/libpq/bin:/Users/takahashi.eiji/.goenv/shims:/usr/local/opt/libpq/bin:/Users/takahashi.eiji/.goenv/bin:/usr/local/opt/libpq/bin:/Users/takahashi.eiji/.pyenv/bin:/usr/local/opt/libpq/bin:/usr/local/bin:/usr/local/opt/libpq/bin:/usr/bin:/usr/local/opt/libpq/bin:/bin:/usr/local/opt/libpq/bin:/usr/sbin:/usr/local/opt/libpq/bin:/sbin:/usr/local/opt/libpq/bin:/Library/Apple/usr/bin:/usr/local/opt/libpq/bin:/usr/local/go/bin:/Users/takahashi.eiji/go/go:/Users/takahashi.eiji/.cargo/bin
# environment
LSCOLORS = Gxfxcxdxbxegedabagacad
# environment
GOPATH = /Users/takahashi.eiji/go
# environment
LaunchInstanceID = DD51E75C-A782-478A-94ED-498D81F4D755
# environment
VSCODE_LOG_STACK = false
# environment
ELECTRON_RUN_AS_NODE = 1
# environment
PYENV_ROOT = /Users/takahashi.eiji/.pyenv
# environment
LDFLAGS = -L/usr/local/opt/bzip2/lib
# default
.FEATURES := target-specific order-only second-expansion else-if archives jobserver check-symlink
# environment
SSH_AUTH_SOCK = /private/tmp/com.apple.launchd.UrLUeET0h9/Listeners
# automatic
%F = $(notdir $%)
# environment
VSCODE_PIPE_LOGGING = true
# environment
PWD = /Users/takahashi.eiji/VisualStudio/Terraform
# environment
ORIGINAL_XDG_CURRENT_DESKTOP = undefined
# environment
VSCODE_AMD_ENTRYPOINT = vs/workbench/services/extensions/node/extensionHostProcess
# environment
PYENV_SHELL = fish
# environment
HOME = /Users/takahashi.eiji
# default
MAKEFILEPATH := /Applications/Xcode.app/Contents/Developer/Makefiles
# environment
VSCODE_CODE_CACHE_PATH = /Users/takahashi.eiji/Library/Application Support/Code/CachedData/3a6960b964327f0e3882ce18fcebd07ed191b316
# environment
LOGNAME = takahashi.eiji
# environment
APPLICATION_INSIGHTS_NO_DIAGNOSTIC_CHANNEL = true
# environment
VSCODE_HANDLES_UNCAUGHT_ERRORS = true
# automatic
^D = $(patsubst %/,%,$(dir $^))
# environment
XPC_FLAGS = 0x0
# default
MAKE = $(MAKE_COMMAND)
# default
MAKECMDGOALS := all
# environment
SHLVL = 2
# default
MAKE_VERSION := 3.81
# environment
USER = takahashi.eiji
# makefile
.DEFAULT_GOAL := terraform
# environment
OMF_CONFIG = /Users/takahashi.eiji/.config/omf
# environment
GOROOT = /Users/takahashi.eiji/.goenv/versions/1.17.0
# automatic
%D = $(patsubst %/,%,$(dir $%))
# default
MAKE_COMMAND := /Applications/Xcode.app/Contents/Developer/usr/bin/make
# default
.VARIABLES := 
# environment
TMPDIR = /var/folders/b5/q1cfys1s3g3b85tjs62xfbwr0000gn/T/
# makefile (from `Makefile', line 14)
PROFILE = $3
# automatic
*F = $(notdir $*)
# environment
VSCODE_IPC_HOOK = /Users/takahashi.eiji/Library/Application Support/Code/1.62.2-main.sock
# makefile
MAKEFLAGS = Rrqp
# environment
MFLAGS = -Rrqp
# automatic
*D = $(patsubst %/,%,$(dir $*))
# environment
XPC_SERVICE_NAME = application.com.microsoft.VSCode.16848503.16848509
# automatic
+D = $(patsubst %/,%,$(dir $+))
# automatic
+F = $(notdir $+)
# makefile (from `Makefile', line 10)
REGION = ap-northeast-1
# makefile (from `Makefile', line 9)
BUCKET_NAME = hoge
# environment
__CF_USER_TEXT_ENCODING = 0x1F5:0x1:0xE
# environment
COMMAND_MODE = unix2003
# default
MAKEFILES := 
# automatic
<F = $(notdir $<)
# environment
LC_ALL = C
# environment
SECURITYSESSIONID = 186aa
# automatic
^F = $(notdir $^)
# default
SUFFIXES := 
# default
.INCLUDE_DIRS = /usr/local/include
# environment
MAKELEVEL := 0
# makefile (from `Makefile', line 12)
ENV = $1
# environment
LANG = C
# environment
VSCODE_PID = 423
# variable set hash-table stats:
# Load=82/1024=8%, Rehash=0, Collisions=1/106=1%

# Pattern-specific Variable Values

# No pattern-specific variable values.

# Directories

# . (device 16777221, inode 10958005): 17 files, no impossibilities.

# 17 files, no impossibilities in 1 directories.

# Implicit Rules

# No implicit rules.

# Files

# Not a target:
all:
#  Command-line target.
#  Implicit rule search has been done.
#  File does not exist.
#  File has not been updated.
# variable set hash-table stats:
# Load=0/32=0%, Rehash=0, Collisions=0/0=0%

# Not a target:
.SUFFIXES:
#  Implicit rule search has not been done.
#  Modification time never checked.
#  File has not been updated.

# Not a target:
Makefile:
#  Implicit rule search has been done.
#  Last modified 2021-11-28 17:46:23
#  File has been updated.
#  Successfully updated.
# variable set hash-table stats:
# Load=0/32=0%, Rehash=0, Collisions=0/0=0%

terraform:
#  Implicit rule search has not been done.
#  Modification time never checked.
#  File has not been updated.
#  commands to execute (from `Makefile', line 17):
	@${CD} && \
	terraform ${ARGS}
	

remote-enable:
#  Implicit rule search has not been done.
#  Modification time never checked.
#  File has not been updated.
#  commands to execute (from `Makefile', line 21):
	@${CD} && \
	terraform remote config \
	-backend=s3 \
	-backend-config='bucket=${BUCKET_NAME}' \
	-backend-config='key=${ENV}/terraform.tfstate' \
	-backend-config='region=${REGION}' \
	-backend-config='profile=${PROFILE}'
	

remote-disable:
#  Implicit rule search has not been done.
#  Modification time never checked.
#  File has not been updated.
#  commands to execute (from `Makefile', line 30):
	@${CD} && \
	terraform remote config \
	-disable
	

# Not a target:
.DEFAULT:
#  Implicit rule search has not been done.
#  Modification time never checked.
#  File has not been updated.

# files hash-table stats:
# Load=7/1024=1%, Rehash=0, Collisions=0/19=0%
# VPATH Search Paths

# No `vpath' search paths.

# No general (`VPATH' variable) search path.

# # of strings in strcache: 1
# # of strcache buffers: 1
# strcache size: total = 4096 / max = 4096 / min = 4096 / avg = 4096
# strcache free: total = 4087 / max = 4087 / min = 4087 / avg = 4087

# Finished Make data base on Sun Nov 28 18:11:04 2021

 
make: *** No rule to make target `all'.  Stop.
 
